#
# A fatal error has been detected by the Java Runtime Environment:
#
#  SIGSEGV (0xb) at pc=0xb6efccc6, pid=23660, tid=3066444656
#
# JRE version: 6.0_24-b07
# Java VM: Java HotSpot(TM) Client VM (19.1-b02 mixed mode linux-x86 )
# Problematic frame:
# V  [libjvm.so+0x272cc6]
#
# If you would like to submit a bug report, please visit:
#   http://java.sun.com/webapps/bugreport/crash.jsp
#

---------------  T H R E A D  ---------------

Current thread (0x09cdc400):  JavaThread "main" [_thread_in_vm, id=23661, stack(0xb6c13000,0xb6c64000)]

siginfo:si_signo=SIGSEGV: si_errno=0, si_code=1 (SEGV_MAPERR), si_addr=0x00000000

Registers:
EAX=0x00000000, EBX=0xb716c0b0, ECX=0xb6c610c0, EDX=0x09cfa964
ESP=0xb6c61084, EBP=0xb6c610d8, ESI=0x09cfa960, EDI=0x09cdc400
EIP=0xb6efccc6, CR2=0x00000000, EFLAGS=0x00010296

Register to memory mapping:

EAX=0x00000000
0x00000000 is pointing to unknown location

EBX=0xb716c0b0
0xb716c0b0: <offset 0x4e20b0> in /home/user/Downloads/processing-1.5.1/java/lib/i386/client/libjvm.so at 0xb6c8a000

ECX=0xb6c610c0
0xb6c610c0 is pointing into the stack for thread: 0x09cdc400
"main" prio=10 tid=0x09cdc400 nid=0x5c6d runnable [0xb6c61000]
   java.lang.Thread.State: RUNNABLE

EDX=0x09cfa964
0x09cfa964 is pointing to unknown location

ESP=0xb6c61084
0xb6c61084 is pointing into the stack for thread: 0x09cdc400
"main" prio=10 tid=0x09cdc400 nid=0x5c6d runnable [0xb6c61000]
   java.lang.Thread.State: RUNNABLE

EBP=0xb6c610d8
0xb6c610d8 is pointing into the stack for thread: 0x09cdc400
"main" prio=10 tid=0x09cdc400 nid=0x5c6d runnable [0xb6c61000]
   java.lang.Thread.State: RUNNABLE

ESI=0x09cfa960
0x09cfa960 is pointing to unknown location

EDI=0x09cdc400
"main" prio=10 tid=0x09cdc400 nid=0x5c6d runnable [0xb6c61000]
   java.lang.Thread.State: RUNNABLE


Top of Stack: (sp=0xb6c61084)
0xb6c61084:   09cdc400 b0dfc910 b6ed6294 09cdc518
0xb6c61094:   09cfa95c 00000001 00000000 00000000
0xb6c610a4:   00000001 09cdc400 00000000 b716c0b0
0xb6c610b4:   b716c0b0 b6c610e8 19755dd7 09cfa960
0xb6c610c4:   e10eb7e8 09cfa95c b716c0b0 09cdc400
0xb6c610d4:   b6c61110 b6c61158 b6eda907 09cdc518
0xb6c610e4:   00000000 a855999e a85599a8 00000000
0xb6c610f4:   09cdc400 09cdc400 09cdc400 00000009 

Instructions: (pc=0xb6efccc6)
0xb6efccb6:   65 f4 5b 5e 5f 5d c3 8d 76 00 8b 45 0c 83 ec 0c
0xb6efccc6:   8b 08 51 e8 02 ed fc ff 83 c4 10 84 c0 74 1b 83 

Stack: [0xb6c13000,0xb6c64000],  sp=0xb6c61084,  free space=312k
Native frames: (J=compiled Java code, j=interpreted, Vv=VM code, C=native code)
V  [libjvm.so+0x272cc6]
V  [libjvm.so+0x250907]
C  [libfontmanager.so+0x3e785]  Java_sun_font_FontManager_initIDs+0x55
j  sun.font.FontManager.initIDs(Z)V+0
j  sun.font.FontManager.access$000(Z)V+1
j  sun.font.FontManager$1.run()Ljava/lang/Object;+22
v  ~StubRoutines::call_stub
V  [libjvm.so+0x23f671]
V  [libjvm.so+0x375498]
V  [libjvm.so+0x23f49f]
V  [libjvm.so+0x2a3c8e]
C  [libjava.so+0xa91d]  Java_java_security_AccessController_doPrivileged__Ljava_security_PrivilegedAction_2+0x3d
j  java.security.AccessController.doPrivileged(Ljava/security/PrivilegedAction;)Ljava/lang/Object;+0
j  sun.font.FontManager.<clinit>()V+564
v  ~StubRoutines::call_stub
V  [libjvm.so+0x23f671]
V  [libjvm.so+0x375498]
V  [libjvm.so+0x23f49f]
V  [libjvm.so+0x21b3a1]
V  [libjvm.so+0x21a06e]
V  [libjvm.so+0x219568]
V  [libjvm.so+0x3208bf]
V  [libjvm.so+0x32265f]
V  [libjvm.so+0x3223cc]
V  [libjvm.so+0x2381bb]
j  sun.java2d.SunGraphicsEnvironment.addDirFonts(Ljava/lang/String;Ljava/io/File;Ljava/io/FilenameFilter;IZIZZ)V+401
j  sun.java2d.SunGraphicsEnvironment.registerFontsInDir(Ljava/lang/String;ZIZZ)V+34
j  sun.java2d.SunGraphicsEnvironment.access$200(Lsun/java2d/SunGraphicsEnvironment;Ljava/lang/String;ZIZZ)V+8
j  sun.java2d.SunGraphicsEnvironment$2.run()Ljava/lang/Object;+481
v  ~StubRoutines::call_stub
V  [libjvm.so+0x23f671]
V  [libjvm.so+0x375498]
V  [libjvm.so+0x23f49f]
V  [libjvm.so+0x2a3c8e]
C  [libjava.so+0xa91d]  Java_java_security_AccessController_doPrivileged__Ljava_security_PrivilegedAction_2+0x3d
j  java.security.AccessController.doPrivileged(Ljava/security/PrivilegedAction;)Ljava/lang/Object;+0
j  sun.java2d.SunGraphicsEnvironment.<init>()V+44
j  sun.awt.X11GraphicsEnvironment.<init>()V+1
v  ~StubRoutines::call_stub
V  [libjvm.so+0x23f671]
V  [libjvm.so+0x375498]
V  [libjvm.so+0x23f49f]
V  [libjvm.so+0x3a439b]
V  [libjvm.so+0x3a7a05]
V  [libjvm.so+0x2bd301]
C  [libjava.so+0x1520d]  Java_sun_reflect_NativeConstructorAccessorImpl_newInstance0+0x2d
j  sun.reflect.NativeConstructorAccessorImpl.newInstance0(Ljava/lang/reflect/Constructor;[Ljava/lang/Object;)Ljava/lang/Object;+0
j  sun.reflect.NativeConstructorAccessorImpl.newInstance([Ljava/lang/Object;)Ljava/lang/Object;+72
j  sun.reflect.DelegatingConstructorAccessorImpl.newInstance([Ljava/lang/Object;)Ljava/lang/Object;+5
j  java.lang.reflect.Constructor.newInstance([Ljava/lang/Object;)Ljava/lang/Object;+92
j  java.lang.Class.newInstance0()Ljava/lang/Object;+118
j  java.lang.Class.newInstance()Ljava/lang/Object;+15
j  java.awt.GraphicsEnvironment.getLocalGraphicsEnvironment()Ljava/awt/GraphicsEnvironment;+27
j  sun.awt.X11.XToolkit.<clinit>()V+107
v  ~StubRoutines::call_stub
V  [libjvm.so+0x23f671]
V  [libjvm.so+0x375498]
V  [libjvm.so+0x23f49f]
V  [libjvm.so+0x21b3a1]
V  [libjvm.so+0x21a06e]
V  [libjvm.so+0x219568]
V  [libjvm.so+0x2ba329]
V  [libjvm.so+0x2a1059]
C  [libjava.so+0xb1f6]  Java_java_lang_Class_forName0+0x116
j  java.lang.Class.forName0(Ljava/lang/String;ZLjava/lang/ClassLoader;)Ljava/lang/Class;+0
j  java.lang.Class.forName(Ljava/lang/String;)Ljava/lang/Class;+5
j  java.awt.Toolkit$2.run()Ljava/lang/Object;+13
v  ~StubRoutines::call_stub
V  [libjvm.so+0x23f671]
V  [libjvm.so+0x375498]
V  [libjvm.so+0x23f49f]
V  [libjvm.so+0x2a3c8e]
C  [libjava.so+0xa91d]  Java_java_security_AccessController_doPrivileged__Ljava_security_PrivilegedAction_2+0x3d
j  java.security.AccessController.doPrivileged(Ljava/security/PrivilegedAction;)Ljava/lang/Object;+0
j  java.awt.Toolkit.getDefaultToolkit()Ljava/awt/Toolkit;+16
j  processing.app.Base.<clinit>()V+118
v  ~StubRoutines::call_stub
V  [libjvm.so+0x23f671]
V  [libjvm.so+0x375498]
V  [libjvm.so+0x23f49f]
V  [libjvm.so+0x21b3a1]
V  [libjvm.so+0x21a06e]
V  [libjvm.so+0x219568]
V  [libjvm.so+0x2ba329]
V  [libjvm.so+0x24c294]
C  [java+0x34d7]
C  [java+0x1ce8]  JavaMain+0x418
C  [libpthread.so.0+0x596e]

Java frames: (J=compiled Java code, j=interpreted, Vv=VM code)
j  sun.font.FontManager.initIDs(Z)V+0
j  sun.font.FontManager.access$000(Z)V+1
j  sun.font.FontManager$1.run()Ljava/lang/Object;+22
v  ~StubRoutines::call_stub
j  java.security.AccessController.doPrivileged(Ljava/security/PrivilegedAction;)Ljava/lang/Object;+0
j  sun.font.FontManager.<clinit>()V+564
v  ~StubRoutines::call_stub
j  sun.java2d.SunGraphicsEnvironment.addDirFonts(Ljava/lang/String;Ljava/io/File;Ljava/io/FilenameFilter;IZIZZ)V+401
j  sun.java2d.SunGraphicsEnvironment.registerFontsInDir(Ljava/lang/String;ZIZZ)V+34
j  sun.java2d.SunGraphicsEnvironment.access$200(Lsun/java2d/SunGraphicsEnvironment;Ljava/lang/String;ZIZZ)V+8
j  sun.java2d.SunGraphicsEnvironment$2.run()Ljava/lang/Object;+481
v  ~StubRoutines::call_stub
j  java.security.AccessController.doPrivileged(Ljava/security/PrivilegedAction;)Ljava/lang/Object;+0
j  sun.java2d.SunGraphicsEnvironment.<init>()V+44
j  sun.awt.X11GraphicsEnvironment.<init>()V+1
v  ~StubRoutines::call_stub
j  sun.reflect.NativeConstructorAccessorImpl.newInstance0(Ljava/lang/reflect/Constructor;[Ljava/lang/Object;)Ljava/lang/Object;+0
j  sun.reflect.NativeConstructorAccessorImpl.newInstance([Ljava/lang/Object;)Ljava/lang/Object;+72
j  sun.reflect.DelegatingConstructorAccessorImpl.newInstance([Ljava/lang/Object;)Ljava/lang/Object;+5
j  java.lang.reflect.Constructor.newInstance([Ljava/lang/Object;)Ljava/lang/Object;+92
j  java.lang.Class.newInstance0()Ljava/lang/Object;+118
j  java.lang.Class.newInstance()Ljava/lang/Object;+15
j  java.awt.GraphicsEnvironment.getLocalGraphicsEnvironment()Ljava/awt/GraphicsEnvironment;+27
j  sun.awt.X11.XToolkit.<clinit>()V+107
v  ~StubRoutines::call_stub
j  java.lang.Class.forName0(Ljava/lang/String;ZLjava/lang/ClassLoader;)Ljava/lang/Class;+0
j  java.lang.Class.forName(Ljava/lang/String;)Ljava/lang/Class;+5
j  java.awt.Toolkit$2.run()Ljava/lang/Object;+13
v  ~StubRoutines::call_stub
j  java.security.AccessController.doPrivileged(Ljava/security/PrivilegedAction;)Ljava/lang/Object;+0
j  java.awt.Toolkit.getDefaultToolkit()Ljava/awt/Toolkit;+16
j  processing.app.Base.<clinit>()V+118
v  ~StubRoutines::call_stub

---------------  P R O C E S S  ---------------

Java Threads: ( => current thread )
  0x09d57800 JavaThread "Low Memory Detector" daemon [_thread_blocked, id=23667, stack(0xa88f5000,0xa8946000)]
  0x09d55800 JavaThread "CompilerThread0" daemon [_thread_blocked, id=23666, stack(0xa8946000,0xa89c7000)]
  0x09d54000 JavaThread "Signal Dispatcher" daemon [_thread_blocked, id=23665, stack(0xa89c7000,0xa8a18000)]
  0x09d41c00 JavaThread "Finalizer" daemon [_thread_blocked, id=23664, stack(0xa8a5e000,0xa8aaf000)]
  0x09d40400 JavaThread "Reference Handler" daemon [_thread_blocked, id=23663, stack(0xa8aaf000,0xa8b00000)]
=>0x09cdc400 JavaThread "main" [_thread_in_vm, id=23661, stack(0xb6c13000,0xb6c64000)]

Other Threads:
  0x09d3c800 VMThread [stack: 0xa8b00000,0xa8b81000] [id=23662]
  0x09d63400 WatcherThread [stack: 0xa8874000,0xa88f5000] [id=23668]

VM state:not at safepoint (normal execution)

VM Mutex/Monitor currently owned by a thread: None

Heap
 def new generation   total 2368K, used 879K [0xa8d00000, 0xa8f90000, 0xab700000)
  eden space 2112K,  41% used [0xa8d00000, 0xa8ddbf98, 0xa8f10000)
  from space 256K,   0% used [0xa8f10000, 0xa8f10000, 0xa8f50000)
  to   space 256K,   0% used [0xa8f50000, 0xa8f50000, 0xa8f90000)
 tenured generation   total 5376K, used 0K [0xab700000, 0xabc40000, 0xb0b00000)
   the space 5376K,   0% used [0xab700000, 0xab700000, 0xab700200, 0xabc40000)
 compacting perm gen  total 12288K, used 3256K [0xb0b00000, 0xb1700000, 0xb4b00000)
   the space 12288K,  26% used [0xb0b00000, 0xb0e2e2c8, 0xb0e2e400, 0xb1700000)
No shared spaces configured.

Dynamic libraries:
08048000-08052000 r-xp 00000000 08:01 930902     /home/user/Downloads/processing-1.5.1/java/bin/java
08052000-08053000 rwxp 00009000 08:01 930902     /home/user/Downloads/processing-1.5.1/java/bin/java
09cd6000-09ea5000 rwxp 00000000 00:00 0          [heap]
a84f5000-a856e000 r-xp 00000000 08:01 930164     /home/user/Downloads/processing-1.5.1/java/lib/i386/libfontmanager.so
a856e000-a8578000 rwxp 00078000 08:01 930164     /home/user/Downloads/processing-1.5.1/java/lib/i386/libfontmanager.so
a8578000-a857d000 rwxp 00000000 00:00 0 
a857d000-a8581000 r-xp 00000000 08:01 395208     /usr/lib/libXdmcp.so.6.0.0
a8581000-a8582000 r-xp 00003000 08:01 395208     /usr/lib/libXdmcp.so.6.0.0
a8582000-a8583000 rwxp 00004000 08:01 395208     /usr/lib/libXdmcp.so.6.0.0
a8583000-a859b000 r-xp 00000000 08:01 396204     /usr/lib/libxcb.so.1.1.0
a859b000-a859c000 r-xp 00017000 08:01 396204     /usr/lib/libxcb.so.1.1.0
a859c000-a859d000 rwxp 00018000 08:01 396204     /usr/lib/libxcb.so.1.1.0
a859d000-a85a9000 r-xp 00000000 08:01 395218     /usr/lib/libXi.so.6.1.0
a85a9000-a85aa000 r-xp 0000c000 08:01 395218     /usr/lib/libXi.so.6.1.0
a85aa000-a85ab000 rwxp 0000d000 08:01 395218     /usr/lib/libXi.so.6.1.0
a85ab000-a86c4000 r-xp 00000000 08:01 395193     /usr/lib/libX11.so.6.3.0
a86c4000-a86c5000 r-xp 00118000 08:01 395193     /usr/lib/libX11.so.6.3.0
a86c5000-a86c7000 rwxp 00119000 08:01 395193     /usr/lib/libX11.so.6.3.0
a86c7000-a86c8000 rwxp 00000000 00:00 0 
a86c8000-a86d6000 r-xp 00000000 08:01 395210     /usr/lib/libXext.so.6.4.0
a86d6000-a86d7000 r-xp 0000d000 08:01 395210     /usr/lib/libXext.so.6.4.0
a86d7000-a86d8000 rwxp 0000e000 08:01 395210     /usr/lib/libXext.so.6.4.0
a86e8000-a872b000 r-xp 00000000 08:01 930143     /home/user/Downloads/processing-1.5.1/java/lib/i386/xawt/libmawt.so
a872b000-a872d000 rwxp 00043000 08:01 930143     /home/user/Downloads/processing-1.5.1/java/lib/i386/xawt/libmawt.so
a872d000-a872e000 rwxp 00000000 00:00 0 
a872e000-a87b2000 r-xp 00000000 08:01 930147     /home/user/Downloads/processing-1.5.1/java/lib/i386/libawt.so
a87b2000-a87b9000 rwxp 00084000 08:01 930147     /home/user/Downloads/processing-1.5.1/java/lib/i386/libawt.so
a87b9000-a87dd000 rwxp 00000000 00:00 0 
a87dd000-a87e8000 r-xs 000cd000 08:01 930944     /home/user/Downloads/processing-1.5.1/lib/pde.jar
a87e8000-a87f7000 r-xs 00184000 08:01 930942     /home/user/Downloads/processing-1.5.1/lib/ecj.jar
a87f7000-a87f9000 r-xs 0002b000 08:01 930948     /home/user/Downloads/processing-1.5.1/lib/core.jar
a87f9000-a87fe000 r-xs 00068000 08:01 930951     /home/user/Downloads/processing-1.5.1/lib/antlr.jar
a87fe000-a8815000 r-xs 0015b000 08:01 930945     /home/user/Downloads/processing-1.5.1/lib/ant.jar
a8815000-a8874000 r-xs 00baa000 08:01 929131     /home/user/Downloads/processing-1.5.1/java/lib/tools.jar
a8874000-a8875000 ---p 00000000 00:00 0 
a8875000-a88f5000 rwxp 00000000 00:00 0 
a88f5000-a88f8000 ---p 00000000 00:00 0 
a88f8000-a8946000 rwxp 00000000 00:00 0 
a8946000-a8949000 ---p 00000000 00:00 0 
a8949000-a89c7000 rwxp 00000000 00:00 0 
a89c7000-a89ca000 ---p 00000000 00:00 0 
a89ca000-a8a18000 rwxp 00000000 00:00 0 
a8a18000-a8a1f000 r-xs 00000000 08:01 398951     /usr/lib/gconv/gconv-modules.cache
a8a1f000-a8a5e000 r-xp 00000000 08:01 524409     /usr/lib/locale/en_US.utf8/LC_CTYPE
a8a5e000-a8a61000 ---p 00000000 00:00 0 
a8a61000-a8aaf000 rwxp 00000000 00:00 0 
a8aaf000-a8ab2000 ---p 00000000 00:00 0 
a8ab2000-a8b00000 rwxp 00000000 00:00 0 
a8b00000-a8b01000 ---p 00000000 00:00 0 
a8b01000-a8b81000 rwxp 00000000 00:00 0 
a8b81000-a8c54000 r-xs 01732000 08:01 939352     /home/user/Downloads/processing-1.5.1/java/lib/rt.jar
a8c54000-a8c5b000 rwxp 00000000 00:00 0 
a8c5b000-a8c75000 rwxp 00000000 00:00 0 
a8c75000-a8c78000 rwxp 00000000 00:00 0 
a8c78000-a8ca0000 rwxp 00000000 00:00 0 
a8ca0000-a8ca2000 rwxp 00000000 00:00 0 
a8ca2000-a8cb5000 rwxp 00000000 00:00 0 
a8cb5000-a8cb8000 rwxp 00000000 00:00 0 
a8cb8000-a8cdf000 rwxp 00000000 00:00 0 
a8cdf000-a8ce5000 rwxp 00000000 00:00 0 
a8ce5000-a8cff000 rwxp 00000000 00:00 0 
a8cff000-a8f90000 rwxp 00000000 00:00 0 
a8f90000-ab700000 rwxp 00000000 00:00 0 
ab700000-abc40000 rwxp 00000000 00:00 0 
abc40000-b0b00000 rwxp 00000000 00:00 0 
b0b00000-b1700000 rwxp 00000000 00:00 0 
b1700000-b4b00000 rwxp 00000000 00:00 0 
b4b01000-b4b05000 r-xp 00000000 08:01 395238     /usr/lib/libXtst.so.6.1.0
b4b05000-b4b06000 r-xp 00003000 08:01 395238     /usr/lib/libXtst.so.6.1.0
b4b06000-b4b07000 rwxp 00004000 08:01 395238     /usr/lib/libXtst.so.6.1.0
b4b07000-b4b09000 rwxp 00000000 00:00 0 
b4b09000-b4b87000 rwxp 00000000 00:00 0 
b4b87000-b4c07000 rwxp 00000000 00:00 0 
b4c07000-b6b87000 rwxp 00000000 00:00 0 
b6b87000-b6b96000 r-xp 00000000 08:01 930172     /home/user/Downloads/processing-1.5.1/java/lib/i386/libzip.so
b6b96000-b6b98000 rwxp 0000e000 08:01 930172     /home/user/Downloads/processing-1.5.1/java/lib/i386/libzip.so
b6b98000-b6ba2000 r-xp 00000000 08:01 393699     /lib/tls/i686/cmov/libnss_files-2.11.1.so
b6ba2000-b6ba3000 r-xp 00009000 08:01 393699     /lib/tls/i686/cmov/libnss_files-2.11.1.so
b6ba3000-b6ba4000 rwxp 0000a000 08:01 393699     /lib/tls/i686/cmov/libnss_files-2.11.1.so
b6ba4000-b6bac000 r-xp 00000000 08:01 393703     /lib/tls/i686/cmov/libnss_nis-2.11.1.so
b6bac000-b6bad000 r-xp 00007000 08:01 393703     /lib/tls/i686/cmov/libnss_nis-2.11.1.so
b6bad000-b6bae000 rwxp 00008000 08:01 393703     /lib/tls/i686/cmov/libnss_nis-2.11.1.so
b6baf000-b6bb1000 r-xp 00000000 08:01 395197     /usr/lib/libXau.so.6.0.0
b6bb1000-b6bb2000 r-xp 00001000 08:01 395197     /usr/lib/libXau.so.6.0.0
b6bb2000-b6bb3000 rwxp 00002000 08:01 395197     /usr/lib/libXau.so.6.0.0
b6bb3000-b6bb6000 r-xs 000e4000 08:01 930949     /home/user/Downloads/processing-1.5.1/lib/jna.jar
b6bb6000-b6bbe000 rwxs 00000000 08:01 164195     /tmp/hsperfdata_user/23660
b6bbe000-b6bd1000 r-xp 00000000 08:01 393693     /lib/tls/i686/cmov/libnsl-2.11.1.so
b6bd1000-b6bd2000 r-xp 00012000 08:01 393693     /lib/tls/i686/cmov/libnsl-2.11.1.so
b6bd2000-b6bd3000 rwxp 00013000 08:01 393693     /lib/tls/i686/cmov/libnsl-2.11.1.so
b6bd3000-b6bd5000 rwxp 00000000 00:00 0 
b6bd6000-b6bdc000 r-xp 00000000 08:01 393695     /lib/tls/i686/cmov/libnss_compat-2.11.1.so
b6bdc000-b6bdd000 r-xp 00006000 08:01 393695     /lib/tls/i686/cmov/libnss_compat-2.11.1.so
b6bdd000-b6bde000 rwxp 00007000 08:01 393695     /lib/tls/i686/cmov/libnss_compat-2.11.1.so
b6bde000-b6be4000 r-xp 00000000 08:01 930141     /home/user/Downloads/processing-1.5.1/java/lib/i386/native_threads/libhpi.so
b6be4000-b6be5000 rwxp 00006000 08:01 930141     /home/user/Downloads/processing-1.5.1/java/lib/i386/native_threads/libhpi.so
b6be5000-b6c08000 r-xp 00000000 08:01 930160     /home/user/Downloads/processing-1.5.1/java/lib/i386/libjava.so
b6c08000-b6c0a000 rwxp 00023000 08:01 930160     /home/user/Downloads/processing-1.5.1/java/lib/i386/libjava.so
b6c0a000-b6c11000 r-xp 00000000 08:01 393712     /lib/tls/i686/cmov/librt-2.11.1.so
b6c11000-b6c12000 r-xp 00006000 08:01 393712     /lib/tls/i686/cmov/librt-2.11.1.so
b6c12000-b6c13000 rwxp 00007000 08:01 393712     /lib/tls/i686/cmov/librt-2.11.1.so
b6c13000-b6c16000 ---p 00000000 00:00 0 
b6c16000-b6c64000 rwxp 00000000 00:00 0 
b6c64000-b6c88000 r-xp 00000000 08:01 393690     /lib/tls/i686/cmov/libm-2.11.1.so
b6c88000-b6c89000 r-xp 00023000 08:01 393690     /lib/tls/i686/cmov/libm-2.11.1.so
b6c89000-b6c8a000 rwxp 00024000 08:01 393690     /lib/tls/i686/cmov/libm-2.11.1.so
b6c8a000-b714c000 r-xp 00000000 08:01 930186     /home/user/Downloads/processing-1.5.1/java/lib/i386/client/libjvm.so
b714c000-b716f000 rwxp 004c2000 08:01 930186     /home/user/Downloads/processing-1.5.1/java/lib/i386/client/libjvm.so
b716f000-b758c000 rwxp 00000000 00:00 0 
b758c000-b76df000 r-xp 00000000 08:01 393682     /lib/tls/i686/cmov/libc-2.11.1.so
b76df000-b76e0000 ---p 00153000 08:01 393682     /lib/tls/i686/cmov/libc-2.11.1.so
b76e0000-b76e2000 r-xp 00153000 08:01 393682     /lib/tls/i686/cmov/libc-2.11.1.so
b76e2000-b76e3000 rwxp 00155000 08:01 393682     /lib/tls/i686/cmov/libc-2.11.1.so
b76e3000-b76e6000 rwxp 00000000 00:00 0 
b76e6000-b76e8000 r-xp 00000000 08:01 393688     /lib/tls/i686/cmov/libdl-2.11.1.so
b76e8000-b76e9000 r-xp 00001000 08:01 393688     /lib/tls/i686/cmov/libdl-2.11.1.so
b76e9000-b76ea000 rwxp 00002000 08:01 393688     /lib/tls/i686/cmov/libdl-2.11.1.so
b76ea000-b76f1000 r-xp 00000000 08:01 930199     /home/user/Downloads/processing-1.5.1/java/lib/i386/jli/libjli.so
b76f1000-b76f3000 rwxp 00006000 08:01 930199     /home/user/Downloads/processing-1.5.1/java/lib/i386/jli/libjli.so
b76f3000-b76f4000 rwxp 00000000 00:00 0 
b76f4000-b7709000 r-xp 00000000 08:01 393708     /lib/tls/i686/cmov/libpthread-2.11.1.so
b7709000-b770a000 r-xp 00014000 08:01 393708     /lib/tls/i686/cmov/libpthread-2.11.1.so
b770a000-b770b000 rwxp 00015000 08:01 393708     /lib/tls/i686/cmov/libpthread-2.11.1.so
b770b000-b770d000 rwxp 00000000 00:00 0 
b770d000-b770f000 r-xs 00002000 08:01 930943     /home/user/Downloads/processing-1.5.1/lib/ant-launcher.jar
b770f000-b7710000 rwxp 00000000 00:00 0 
b7710000-b7711000 r-xp 00000000 00:00 0 
b7711000-b771c000 r-xp 00000000 08:01 930178     /home/user/Downloads/processing-1.5.1/java/lib/i386/libverify.so
b771c000-b771d000 rwxp 0000b000 08:01 930178     /home/user/Downloads/processing-1.5.1/java/lib/i386/libverify.so
b771d000-b771f000 rwxp 00000000 00:00 0 
b771f000-b7720000 r-xp 00000000 00:00 0          [vdso]
b7720000-b773b000 r-xp 00000000 08:01 262324     /lib/ld-2.11.1.so
b773b000-b773c000 r-xp 0001a000 08:01 262324     /lib/ld-2.11.1.so
b773c000-b773d000 rwxp 0001b000 08:01 262324     /lib/ld-2.11.1.so
bfe9c000-bfeb1000 rwxp 00000000 00:00 0          [stack]

VM Arguments:
java_command: processing.app.Base 
Launcher Type: SUN_STANDARD

Environment Variables:
CLASSPATH=/home/user/Downloads/processing-1.5.1/java/lib/rt.jar:/home/user/Downloads/processing-1.5.1/java/lib/tools.jar:/home/user/Downloads/processing-1.5.1/lib/ant-launcher.jar:/home/user/Downloads/processing-1.5.1/lib/ant.jar:/home/user/Downloads/processing-1.5.1/lib/antlr.jar:/home/user/Downloads/processing-1.5.1/lib/core.jar:/home/user/Downloads/processing-1.5.1/lib/ecj.jar:/home/user/Downloads/processing-1.5.1/lib/jna.jar:/home/user/Downloads/processing-1.5.1/lib/pde.jar
PATH=/home/user/Downloads/processing-1.5.1/java/bin:/usr/local/sbin:/usr/local/bin:/usr/sbin:/usr/bin:/sbin:/bin:/usr/games
USERNAME=user
LD_LIBRARY_PATH=/home/user/Downloads/processing-1.5.1/java/lib/i386/client:/home/user/Downloads/processing-1.5.1/java/lib/i386:/home/user/Downloads/processing-1.5.1/java/../lib/i386
SHELL=/bin/bash
DISPLAY=:0.0

Signal Handlers:
SIGSEGV: [libjvm.so+0x452e10], sa_mask[0]=0x7ffbfeff, sa_flags=0x10000004
SIGBUS: [libjvm.so+0x452e10], sa_mask[0]=0x7ffbfeff, sa_flags=0x10000004
SIGFPE: [libjvm.so+0x374120], sa_mask[0]=0x7ffbfeff, sa_flags=0x10000004
SIGPIPE: [libjvm.so+0x374120], sa_mask[0]=0x7ffbfeff, sa_flags=0x10000004
SIGXFSZ: [libjvm.so+0x374120], sa_mask[0]=0x7ffbfeff, sa_flags=0x10000004
SIGILL: [libjvm.so+0x374120], sa_mask[0]=0x7ffbfeff, sa_flags=0x10000004
SIGUSR1: SIG_DFL, sa_mask[0]=0x00000000, sa_flags=0x00000000
SIGUSR2: [libjvm.so+0x377100], sa_mask[0]=0x00000000, sa_flags=0x10000004
SIGHUP: [libjvm.so+0x376ce0], sa_mask[0]=0x7ffbfeff, sa_flags=0x10000004
SIGINT: SIG_IGN, sa_mask[0]=0x00000000, sa_flags=0x00000000
SIGTERM: [libjvm.so+0x376ce0], sa_mask[0]=0x7ffbfeff, sa_flags=0x10000004
SIGQUIT: [libjvm.so+0x376ce0], sa_mask[0]=0x7ffbfeff, sa_flags=0x10000004


---------------  S Y S T E M  ---------------

OS:squeeze/sid

uname:Linux 2.6.32-28-generic #55-Ubuntu SMP Mon Jan 10 21:21:01 UTC 2011 i686
libc:glibc 2.11.1 NPTL 2.11.1 
rlimit: STACK 8192k, CORE 0k, NPROC infinity, NOFILE 1024, AS infinity
load average:0.59 0.59 0.68

/proc/meminfo:
MemTotal:         509224 kB
MemFree:          105032 kB
Buffers:           17124 kB
Cached:           164540 kB
SwapCached:        25620 kB
Active:           151144 kB
Inactive:         219216 kB
Active(anon):      61316 kB
Inactive(anon):   132820 kB
Active(file):      89828 kB
Inactive(file):    86396 kB
Unevictable:           0 kB
Mlocked:               0 kB
HighTotal:             0 kB
HighFree:              0 kB
LowTotal:         509224 kB
LowFree:          105032 kB
SwapTotal:        916472 kB
SwapFree:         845816 kB
Dirty:             24756 kB
Writeback:             0 kB
AnonPages:        177892 kB
Mapped:            46988 kB
Shmem:              5480 kB
Slab:              18916 kB
SReclaimable:      10364 kB
SUnreclaim:         8552 kB
KernelStack:        2048 kB
PageTables:         5160 kB
NFS_Unstable:          0 kB
Bounce:                0 kB
WritebackTmp:          0 kB
CommitLimit:     1171084 kB
Committed_AS:     734624 kB
VmallocTotal:     507896 kB
VmallocUsed:        6332 kB
VmallocChunk:     496656 kB
HardwareCorrupted:     0 kB
HugePages_Total:       0
HugePages_Free:        0
HugePages_Rsvd:        0
HugePages_Surp:        0
Hugepagesize:       4096 kB
DirectMap4k:       16384 kB
DirectMap4M:      507904 kB


CPU:total 1 (1 cores per cpu, 1 threads per core) family 6 model 23 stepping 6, cmov, cx8, fxsr, mmx, sse, sse2, sse3, ssse3, sse4.1

Memory: 4k page, physical 509224k(105032k free), swap 916472k(845816k free)

vm_info: Java HotSpot(TM) Client VM (19.1-b02) for linux-x86 JRE (1.6.0_24-b07), built on Feb  2 2011 17:10:45 by "java_re" with gcc 3.2.1-7a (J2SE release)

time: Sat Aug 13 17:16:09 2011
elapsed time: 0 seconds

