#
# A fatal error has been detected by the Java Runtime Environment:
#
#  SIGSEGV (0xb) at pc=0xb6e9e48e, pid=23784, tid=3066415984
#
# JRE version: 6.0_24-b07
# Java VM: Java HotSpot(TM) Client VM (19.1-b02 mixed mode linux-x86 )
# Problematic frame:
# V  [libjvm.so+0x21b48e]
#
# If you would like to submit a bug report, please visit:
#   http://java.sun.com/webapps/bugreport/crash.jsp
#

---------------  T H R E A D  ---------------

Current thread (0x0998b400):  JavaThread "Unknown thread" [_thread_in_vm, id=23785, stack(0xb6c0c000,0xb6c5d000)]

siginfo:si_signo=SIGSEGV: si_errno=0, si_code=1 (SEGV_MAPERR), si_addr=0x00000080

Registers:
EAX=0xb6c5c0f0, EBX=0x00000000, ECX=0x00000000, EDX=0x00000008
ESP=0xb6c5c0a0, EBP=0xb6c5c0b8, ESI=0x00000008, EDI=0xb0b03330
EIP=0xb6e9e48e, CR2=0x00000080, EFLAGS=0x00010286

Register to memory mapping:

EAX=0xb6c5c0f0
0xb6c5c0f0 is pointing to unknown location

EBX=0x00000000
0x00000000 is pointing to unknown location

ECX=0x00000000
0x00000000 is pointing to unknown location

EDX=0x00000008
0x00000008 is pointing to unknown location

ESP=0xb6c5c0a0
0xb6c5c0a0 is pointing to unknown location

EBP=0xb6c5c0b8
0xb6c5c0b8 is pointing to unknown location

ESI=0x00000008
0x00000008 is pointing to unknown location

EDI=0xb0b03330
{symbol} 
 - klass: {other class}


Top of Stack: (sp=0xb6c5c0a0)
0xb6c5c0a0:   b0b41b98 b0b028e8 b0b00810 b71650b0
0xb6c5c0b0:   00000008 b0b03330 b6c5c128 b6ecdd39
0xb6c5c0c0:   00000008 b0b03330 b0b04480 b6c5c0f0
0xb6c5c0d0:   b0b028a8 b0b032a8 b0b02e58 b0b41b90
0xb6c5c0e0:   00000002 0000001f 0000001c 00000000
0xb6c5c0f0:   00000028 00000000 00000031 099acc80
0xb6c5c100:   00000014 00000000 00000000 00000000
0xb6c5c110:   099ac5f8 099ab574 b6ecdcfb b71650b0 

Instructions: (pc=0xb6e9e48e)
0xb6e9e47e:   ea 90 55 89 e5 57 56 53 31 db 83 ec 0c 8b 55 08
0xb6e9e48e:   8b 42 78 8b 78 08 39 fb 7d 39 8b 72 7c 8d 48 10 

Stack: [0xb6c0c000,0xb6c5d000],  sp=0xb6c5c0a0,  free space=320k
Native frames: (J=compiled Java code, j=interpreted, Vv=VM code, C=native code)
V  [libjvm.so+0x21b48e]
V  [libjvm.so+0x24ad39]
V  [libjvm.so+0x24b2f5]
V  [libjvm.so+0x24b5f6]
V  [libjvm.so+0x219225]
V  [libjvm.so+0x4234dd]
V  [libjvm.so+0x272146]
C  [java+0x305c]
C  [java+0x1942]  JavaMain+0x72
C  [libpthread.so.0+0x596e]


---------------  P R O C E S S  ---------------

Java Threads: ( => current thread )

Other Threads:

=>0x0998b400 (exited) JavaThread "Unknown thread" [_thread_in_vm, id=23785, stack(0xb6c0c000,0xb6c5d000)]

VM state:not at safepoint (normal execution)

VM Mutex/Monitor currently owned by a thread: None

Heap
 def new generation   total 2368K, used 42K [0xa8d00000, 0xa8f90000, 0xab700000)
  eden space 2112K,   2% used [0xa8d00000, 0xa8d0a908, 0xa8f10000)
  from space 256K,   0% used [0xa8f10000, 0xa8f10000, 0xa8f50000)
  to   space 256K,   0% used [0xa8f50000, 0xa8f50000, 0xa8f90000)
 tenured generation   total 5376K, used 0K [0xab700000, 0xabc40000, 0xb0b00000)
   the space 5376K,   0% used [0xab700000, 0xab700000, 0xab700200, 0xabc40000)
 compacting perm gen  total 12288K, used 463K [0xb0b00000, 0xb1700000, 0xb4b00000)
   the space 12288K,   3% used [0xb0b00000, 0xb0b73ef0, 0xb0b74000, 0xb1700000)
No shared spaces configured.

Dynamic libraries:
08048000-08052000 r-xp 00000000 08:01 930902     /home/user/Downloads/processing-1.5.1/java/bin/java
08052000-08053000 rwxp 00009000 08:01 930902     /home/user/Downloads/processing-1.5.1/java/bin/java
09985000-099f4000 rwxp 00000000 00:00 0          [heap]
a8b83000-a8c54000 r-xs 016ce000 08:01 939355     /home/user/Downloads/processing-1.5.1/java/lib/rt.jar
a8c54000-a8c5b000 rwxp 00000000 00:00 0 
a8c5b000-a8c75000 rwxp 00000000 00:00 0 
a8c75000-a8c78000 rwxp 00000000 00:00 0 
a8c78000-a8ca0000 rwxp 00000000 00:00 0 
a8ca0000-a8ca2000 rwxp 00000000 00:00 0 
a8ca2000-a8cb5000 rwxp 00000000 00:00 0 
a8cb5000-a8cb8000 rwxp 00000000 00:00 0 
a8cb8000-a8cdf000 rwxp 00000000 00:00 0 
a8cdf000-a8ce5000 rwxp 00000000 00:00 0 
a8ce5000-a8cff000 rwxp 00000000 00:00 0 
a8cff000-a8f90000 rwxp 00000000 00:00 0 
a8f90000-ab700000 rwxp 00000000 00:00 0 
ab700000-abc40000 rwxp 00000000 00:00 0 
abc40000-b0b00000 rwxp 00000000 00:00 0 
b0b00000-b1700000 rwxp 00000000 00:00 0 
b1700000-b4b00000 rwxp 00000000 00:00 0 
b4b00000-b4b01000 rwxp 00000000 00:00 0 
b4b01000-b4b80000 rwxp 00000000 00:00 0 
b4b80000-b4bb8000 rwxp 00000000 00:00 0 
b4bb8000-b6b80000 rwxp 00000000 00:00 0 
b6b80000-b6b8f000 r-xp 00000000 08:01 930172     /home/user/Downloads/processing-1.5.1/java/lib/i386/libzip.so
b6b8f000-b6b91000 rwxp 0000e000 08:01 930172     /home/user/Downloads/processing-1.5.1/java/lib/i386/libzip.so
b6b91000-b6b9b000 r-xp 00000000 08:01 393699     /lib/tls/i686/cmov/libnss_files-2.11.1.so
b6b9b000-b6b9c000 r-xp 00009000 08:01 393699     /lib/tls/i686/cmov/libnss_files-2.11.1.so
b6b9c000-b6b9d000 rwxp 0000a000 08:01 393699     /lib/tls/i686/cmov/libnss_files-2.11.1.so
b6b9d000-b6ba5000 r-xp 00000000 08:01 393703     /lib/tls/i686/cmov/libnss_nis-2.11.1.so
b6ba5000-b6ba6000 r-xp 00007000 08:01 393703     /lib/tls/i686/cmov/libnss_nis-2.11.1.so
b6ba6000-b6ba7000 rwxp 00008000 08:01 393703     /lib/tls/i686/cmov/libnss_nis-2.11.1.so
b6baf000-b6bb7000 rwxs 00000000 08:01 164195     /tmp/hsperfdata_user/23784
b6bb7000-b6bca000 r-xp 00000000 08:01 393693     /lib/tls/i686/cmov/libnsl-2.11.1.so
b6bca000-b6bcb000 r-xp 00012000 08:01 393693     /lib/tls/i686/cmov/libnsl-2.11.1.so
b6bcb000-b6bcc000 rwxp 00013000 08:01 393693     /lib/tls/i686/cmov/libnsl-2.11.1.so
b6bcc000-b6bce000 rwxp 00000000 00:00 0 
b6bcf000-b6bd5000 r-xp 00000000 08:01 393695     /lib/tls/i686/cmov/libnss_compat-2.11.1.so
b6bd5000-b6bd6000 r-xp 00006000 08:01 393695     /lib/tls/i686/cmov/libnss_compat-2.11.1.so
b6bd6000-b6bd7000 rwxp 00007000 08:01 393695     /lib/tls/i686/cmov/libnss_compat-2.11.1.so
b6bd7000-b6bdd000 r-xp 00000000 08:01 930141     /home/user/Downloads/processing-1.5.1/java/lib/i386/native_threads/libhpi.so
b6bdd000-b6bde000 rwxp 00006000 08:01 930141     /home/user/Downloads/processing-1.5.1/java/lib/i386/native_threads/libhpi.so
b6bde000-b6c01000 r-xp 00000000 08:01 930160     /home/user/Downloads/processing-1.5.1/java/lib/i386/libjava.so
b6c01000-b6c03000 rwxp 00023000 08:01 930160     /home/user/Downloads/processing-1.5.1/java/lib/i386/libjava.so
b6c03000-b6c0a000 r-xp 00000000 08:01 393712     /lib/tls/i686/cmov/librt-2.11.1.so
b6c0a000-b6c0b000 r-xp 00006000 08:01 393712     /lib/tls/i686/cmov/librt-2.11.1.so
b6c0b000-b6c0c000 rwxp 00007000 08:01 393712     /lib/tls/i686/cmov/librt-2.11.1.so
b6c0c000-b6c0f000 ---p 00000000 00:00 0 
b6c0f000-b6c5d000 rwxp 00000000 00:00 0 
b6c5d000-b6c81000 r-xp 00000000 08:01 393690     /lib/tls/i686/cmov/libm-2.11.1.so
b6c81000-b6c82000 r-xp 00023000 08:01 393690     /lib/tls/i686/cmov/libm-2.11.1.so
b6c82000-b6c83000 rwxp 00024000 08:01 393690     /lib/tls/i686/cmov/libm-2.11.1.so
b6c83000-b7145000 r-xp 00000000 08:01 930186     /home/user/Downloads/processing-1.5.1/java/lib/i386/client/libjvm.so
b7145000-b7168000 rwxp 004c2000 08:01 930186     /home/user/Downloads/processing-1.5.1/java/lib/i386/client/libjvm.so
b7168000-b7585000 rwxp 00000000 00:00 0 
b7585000-b76d8000 r-xp 00000000 08:01 393682     /lib/tls/i686/cmov/libc-2.11.1.so
b76d8000-b76d9000 ---p 00153000 08:01 393682     /lib/tls/i686/cmov/libc-2.11.1.so
b76d9000-b76db000 r-xp 00153000 08:01 393682     /lib/tls/i686/cmov/libc-2.11.1.so
b76db000-b76dc000 rwxp 00155000 08:01 393682     /lib/tls/i686/cmov/libc-2.11.1.so
b76dc000-b76df000 rwxp 00000000 00:00 0 
b76df000-b76e1000 r-xp 00000000 08:01 393688     /lib/tls/i686/cmov/libdl-2.11.1.so
b76e1000-b76e2000 r-xp 00001000 08:01 393688     /lib/tls/i686/cmov/libdl-2.11.1.so
b76e2000-b76e3000 rwxp 00002000 08:01 393688     /lib/tls/i686/cmov/libdl-2.11.1.so
b76e3000-b76ea000 r-xp 00000000 08:01 930199     /home/user/Downloads/processing-1.5.1/java/lib/i386/jli/libjli.so
b76ea000-b76ec000 rwxp 00006000 08:01 930199     /home/user/Downloads/processing-1.5.1/java/lib/i386/jli/libjli.so
b76ec000-b76ed000 rwxp 00000000 00:00 0 
b76ed000-b7702000 r-xp 00000000 08:01 393708     /lib/tls/i686/cmov/libpthread-2.11.1.so
b7702000-b7703000 r-xp 00014000 08:01 393708     /lib/tls/i686/cmov/libpthread-2.11.1.so
b7703000-b7704000 rwxp 00015000 08:01 393708     /lib/tls/i686/cmov/libpthread-2.11.1.so
b7704000-b7706000 rwxp 00000000 00:00 0 
b7708000-b7709000 rwxp 00000000 00:00 0 
b7709000-b770a000 r-xp 00000000 00:00 0 
b770a000-b7715000 r-xp 00000000 08:01 930178     /home/user/Downloads/processing-1.5.1/java/lib/i386/libverify.so
b7715000-b7716000 rwxp 0000b000 08:01 930178     /home/user/Downloads/processing-1.5.1/java/lib/i386/libverify.so
b7716000-b7718000 rwxp 00000000 00:00 0 
b7718000-b7719000 r-xp 00000000 00:00 0          [vdso]
b7719000-b7734000 r-xp 00000000 08:01 262324     /lib/ld-2.11.1.so
b7734000-b7735000 r-xp 0001a000 08:01 262324     /lib/ld-2.11.1.so
b7735000-b7736000 rwxp 0001b000 08:01 262324     /lib/ld-2.11.1.so
bffc5000-bffda000 rwxp 00000000 00:00 0          [stack]

VM Arguments:
java_command: processing.app.Base 
Launcher Type: SUN_STANDARD

Environment Variables:
CLASSPATH=/home/user/Downloads/processing-1.5.1/java/lib/rt.jar:/home/user/Downloads/processing-1.5.1/java/lib/tools.jar:/home/user/Downloads/processing-1.5.1/lib/ant-launcher.jar:/home/user/Downloads/processing-1.5.1/lib/ant.jar:/home/user/Downloads/processing-1.5.1/lib/antlr.jar:/home/user/Downloads/processing-1.5.1/lib/core.jar:/home/user/Downloads/processing-1.5.1/lib/ecj.jar:/home/user/Downloads/processing-1.5.1/lib/jna.jar:/home/user/Downloads/processing-1.5.1/lib/pde.jar
PATH=/home/user/Downloads/processing-1.5.1/java/bin:/usr/local/sbin:/usr/local/bin:/usr/sbin:/usr/bin:/sbin:/bin:/usr/games
USERNAME=user
LD_LIBRARY_PATH=/home/user/Downloads/processing-1.5.1/java/lib/i386/client:/home/user/Downloads/processing-1.5.1/java/lib/i386:/home/user/Downloads/processing-1.5.1/java/../lib/i386
SHELL=/bin/bash
DISPLAY=:0.0

Signal Handlers:
SIGSEGV: [libjvm.so+0x452e10], sa_mask[0]=0x7ffbfeff, sa_flags=0x10000004
SIGBUS: [libjvm.so+0x452e10], sa_mask[0]=0x7ffbfeff, sa_flags=0x10000004
SIGFPE: [libjvm.so+0x374120], sa_mask[0]=0x7ffbfeff, sa_flags=0x10000004
SIGPIPE: [libjvm.so+0x374120], sa_mask[0]=0x7ffbfeff, sa_flags=0x10000004
SIGXFSZ: [libjvm.so+0x374120], sa_mask[0]=0x7ffbfeff, sa_flags=0x10000004
SIGILL: [libjvm.so+0x374120], sa_mask[0]=0x7ffbfeff, sa_flags=0x10000004
SIGUSR1: SIG_DFL, sa_mask[0]=0x00000000, sa_flags=0x00000000
SIGUSR2: [libjvm.so+0x377100], sa_mask[0]=0x00000000, sa_flags=0x10000004
SIGHUP: SIG_DFL, sa_mask[0]=0x00000000, sa_flags=0x00000000
SIGINT: SIG_IGN, sa_mask[0]=0x00000000, sa_flags=0x00000000
SIGTERM: SIG_DFL, sa_mask[0]=0x00000000, sa_flags=0x00000000
SIGQUIT: SIG_IGN, sa_mask[0]=0x00000000, sa_flags=0x00000000


---------------  S Y S T E M  ---------------

OS:squeeze/sid

uname:Linux 2.6.32-28-generic #55-Ubuntu SMP Mon Jan 10 21:21:01 UTC 2011 i686
libc:glibc 2.11.1 NPTL 2.11.1 
rlimit: STACK 8192k, CORE 0k, NPROC infinity, NOFILE 1024, AS infinity
load average:0.51 0.59 0.67

/proc/meminfo:
MemTotal:         509224 kB
MemFree:          108644 kB
Buffers:           17460 kB
Cached:           164752 kB
SwapCached:        25828 kB
Active:           145964 kB
Inactive:         221476 kB
Active(anon):      57708 kB
Inactive(anon):   133008 kB
Active(file):      88256 kB
Inactive(file):    88468 kB
Unevictable:           0 kB
Mlocked:               0 kB
HighTotal:             0 kB
HighFree:              0 kB
LowTotal:         509224 kB
LowFree:          108644 kB
SwapTotal:        916472 kB
SwapFree:         845820 kB
Dirty:             24472 kB
Writeback:             0 kB
AnonPages:        174328 kB
Mapped:            46980 kB
Shmem:              5488 kB
Slab:              18948 kB
SReclaimable:      10368 kB
SUnreclaim:         8580 kB
KernelStack:        1992 kB
PageTables:         5124 kB
NFS_Unstable:          0 kB
Bounce:                0 kB
WritebackTmp:          0 kB
CommitLimit:     1171084 kB
Committed_AS:     731532 kB
VmallocTotal:     507896 kB
VmallocUsed:        6332 kB
VmallocChunk:     496656 kB
HardwareCorrupted:     0 kB
HugePages_Total:       0
HugePages_Free:        0
HugePages_Rsvd:        0
HugePages_Surp:        0
Hugepagesize:       4096 kB
DirectMap4k:       16384 kB
DirectMap4M:      507904 kB


CPU:total 1 (1 cores per cpu, 1 threads per core) family 6 model 23 stepping 6, cmov, cx8, fxsr, mmx, sse, sse2, sse3, ssse3, sse4.1

Memory: 4k page, physical 509224k(108644k free), swap 916472k(845820k free)

vm_info: Java HotSpot(TM) Client VM (19.1-b02) for linux-x86 JRE (1.6.0_24-b07), built on Feb  2 2011 17:10:45 by "java_re" with gcc 3.2.1-7a (J2SE release)

time: Sat Aug 13 17:17:22 2011
elapsed time: 0 seconds

